0 info it worked if it ends with ok
1 verbose cli [ '/usr/local/bin/node', '/usr/local/bin/npm', 'start' ]
2 info using npm@6.5.0
3 info using node@v11.9.0
4 verbose config Skipping project config: /home/node/.npmrc. (matches userconfig)
5 verbose run-script [ 'prestart', 'start', 'poststart' ]
6 info lifecycle storage@1.0.0~prestart: storage@1.0.0
7 info lifecycle storage@1.0.0~start: storage@1.0.0
8 verbose lifecycle storage@1.0.0~start: unsafe-perm in lifecycle true
9 verbose lifecycle storage@1.0.0~start: PATH: /usr/local/lib/node_modules/npm/node_modules/npm-lifecycle/node-gyp-bin:/home/node/node_modules/.bin:/usr/local/sbin:/usr/local/bin:/usr/sbin:/usr/bin:/sbin:/bin
10 verbose lifecycle storage@1.0.0~start: CWD: /home/node
11 silly lifecycle storage@1.0.0~start: Args: [ '-c', 'node server.js' ]
12 silly lifecycle storage@1.0.0~start: Returned: code: 1  signal: null
13 info lifecycle storage@1.0.0~start: Failed to exec start script
14 verbose stack Error: storage@1.0.0 start: `node server.js`
14 verbose stack Exit status 1
14 verbose stack     at EventEmitter.<anonymous> (/usr/local/lib/node_modules/npm/node_modules/npm-lifecycle/index.js:301:16)
14 verbose stack     at EventEmitter.emit (events.js:197:13)
14 verbose stack     at ChildProcess.<anonymous> (/usr/local/lib/node_modules/npm/node_modules/npm-lifecycle/lib/spawn.js:55:14)
14 verbose stack     at ChildProcess.emit (events.js:197:13)
14 verbose stack     at maybeClose (internal/child_process.js:978:16)
14 verbose stack     at Process.ChildProcess._handle.onexit (internal/child_process.js:265:5)
15 verbose pkgid storage@1.0.0
16 verbose cwd /home/node
17 verbose Linux 4.9.125-linuxkit
18 verbose argv "/usr/local/bin/node" "/usr/local/bin/npm" "start"
19 verbose node v11.9.0
20 verbose npm  v6.5.0
21 error code ELIFECYCLE
22 error errno 1
23 error storage@1.0.0 start: `node server.js`
23 error Exit status 1
24 error Failed at the storage@1.0.0 start script.
24 error This is probably not a problem with npm. There is likely additional logging output above.
25 verbose exit [ 1, true ]
